<?xml version="1.0" encoding="UTF-8"?>
<!-- Generated by org.testng.reporters.JUnitXMLReporter -->
<testsuite ignored="0" hostname="Sunil-PC" failures="0" tests="16" name="pizzahut001" time="30.445" errors="0" timestamp="2024-08-29T08:30:28 BST">
  <testcase classname="tests.PizzaHutTestNGTest" name="testUserLocationSetting" time="6.624"/>
  <testcase classname="tests.PizzaHutTestNGTest" name="validateDealsUrl" time="0.108"/>
  <testcase classname="tests.PizzaHutTestNGTest" name="addItemUnder200ToCart" time="1.427"/>
  <testcase classname="tests.PizzaHutTestNGTest" name="productAddedUnderBasket" time="0.067"/>
  <testcase classname="tests.PizzaHutTestNGTest" name="checkoutButtonPriceNotShown" time="0.032"/>
  <testcase classname="tests.PizzaHutTestNGTest" name="navigateToDrinks" time="0.217"/>
  <testcase classname="tests.PizzaHutTestNGTest" name="addTwoDrinks" time="0.924"/>
  <testcase classname="tests.PizzaHutTestNGTest" name="clickAndNavigateToCheckout" time="3.279"/>
  <testcase classname="tests.PizzaHutTestNGTest" name="onlinePaymentRadioButtonSelected" time="0.001"/>
  <testcase classname="tests.PizzaHutTestNGTest" name="enterDetails" time="0.908"/>
  <testcase classname="tests.PizzaHutTestNGTest" name="clickGiftCard" time="0.692"/>
  <testcase classname="tests.PizzaHutTestNGTest" name="clickVoucher" time="0.401"/>
  <testcase classname="tests.PizzaHutTestNGTest" name="typeVoucherCode" time="0.395"/>
  <testcase classname="tests.PizzaHutTestNGTest" name="validateVoucherError" time="0.599"/>
  <testcase classname="tests.PizzaHutTestNGTest" name="closeVoucherPopup" time="0.425"/>
  <testcase classname="tests.PizzaHutTestNGTest" name="navigateToBasketPage" time="0.119"/>
</testsuite> <!-- pizzahut001 -->
