<?xml version="1.0" encoding="UTF-8"?>
<!-- Generated by org.testng.reporters.JUnitXMLReporter -->
<testsuite ignored="0" hostname="Sunil-PC" failures="0" tests="16" name="pizzahut01" time="31.361" errors="0" timestamp="2024-08-30T13:52:01 BST">
  <testcase classname="tests.PizzaHutTestNGTest" name="testUserLocationSetting" time="6.647"/>
  <testcase classname="tests.PizzaHutTestNGTest" name="validateDealsUrl" time="0.026"/>
  <testcase classname="tests.PizzaHutTestNGTest" name="addItemUnder200ToCart" time="0.95"/>
  <testcase classname="tests.PizzaHutTestNGTest" name="productAddedUnderBasket" time="0.06"/>
  <testcase classname="tests.PizzaHutTestNGTest" name="checkoutButtonPriceNotShown" time="0.041"/>
  <testcase classname="tests.PizzaHutTestNGTest" name="navigateToDrinks" time="0.233"/>
  <testcase classname="tests.PizzaHutTestNGTest" name="addTwoDrinks" time="0.786"/>
  <testcase classname="tests.PizzaHutTestNGTest" name="clickAndNavigateToCheckout" time="3.252"/>
  <testcase classname="tests.PizzaHutTestNGTest" name="onlinePaymentRadioButtonSelected" time="0.002"/>
  <testcase classname="tests.PizzaHutTestNGTest" name="enterDetails" time="0.841"/>
  <testcase classname="tests.PizzaHutTestNGTest" name="clickGiftCard" time="1.065"/>
  <testcase classname="tests.PizzaHutTestNGTest" name="clickVoucher" time="0.418"/>
  <testcase classname="tests.PizzaHutTestNGTest" name="typeVoucherCode" time="0.338"/>
  <testcase classname="tests.PizzaHutTestNGTest" name="validateVoucherError" time="0.735"/>
  <testcase classname="tests.PizzaHutTestNGTest" name="closeVoucherPopup" time="0.39"/>
  <testcase classname="tests.PizzaHutTestNGTest" name="navigateToBasketPage" time="0.1"/>
</testsuite> <!-- pizzahut01 -->
