<?xml version="1.0" encoding="UTF-8"?>
<testng-results ignored="0" total="16" passed="16" failed="0" skipped="0">
  <reporter-output>
  </reporter-output>
  <suite started-at="2024-08-30T13:51:30 BST" name="PizzaHutTestSuite" finished-at="2024-08-30T13:52:01 BST" duration-ms="31361">
    <groups>
    </groups>
    <test started-at="2024-08-30T13:51:30 BST" name="pizzahut01" finished-at="2024-08-30T13:52:01 BST" duration-ms="31361">
      <class name="tests.PizzaHutTestNGTest">
        <test-method is-config="true" signature="setup()[pri:0, instance:tests.PizzaHutTestNGTest@7e6ef134]" started-at="2024-08-30T13:51:30 BST" name="setup" finished-at="2024-08-30T13:51:38 BST" duration-ms="8721" status="PASS">
          <reporter-output>
          </reporter-output>
        </test-method> <!-- setup -->
        <test-method is-config="true" signature="onStart(org.testng.ITestResult)[pri:0, instance:tests.PizzaHutTestNGTest@7e6ef134]" started-at="2024-08-30T13:51:38 BST" name="onStart" finished-at="2024-08-30T13:51:38 BST" duration-ms="21" status="PASS">
          <params>
            <param index="0">
              <value>
                <![CDATA[[TestResult name={null} status=CREATED method=PizzaHutTestNGTest.testUserLocationSetting(java.lang.String)[pri:1, instance:tests.PizzaHutTestNGTest@7e6ef134] output={null}]]]>
              </value>
            </param>
          </params>
          <reporter-output>
          </reporter-output>
        </test-method> <!-- onStart -->
        <test-method signature="testUserLocationSetting(java.lang.String)[pri:1, instance:tests.PizzaHutTestNGTest@7e6ef134]" started-at="2024-08-30T13:51:38 BST" name="testUserLocationSetting" finished-at="2024-08-30T13:51:45 BST" duration-ms="6647" status="PASS">
          <params>
            <param index="0">
              <value>
                <![CDATA[Maddilapalem]]>
              </value>
            </param>
          </params>
          <reporter-output>
          </reporter-output>
        </test-method> <!-- testUserLocationSetting -->
        <test-method is-config="true" signature="onFinish(org.testng.ITestResult)[pri:0, instance:tests.PizzaHutTestNGTest@7e6ef134]" started-at="2024-08-30T13:51:45 BST" name="onFinish" finished-at="2024-08-30T13:51:46 BST" duration-ms="681" status="PASS">
          <params>
            <param index="0">
              <value>
                <![CDATA[[TestResult name=testUserLocationSetting status=SUCCESS method=PizzaHutTestNGTest.testUserLocationSetting(java.lang.String)[pri:1, instance:tests.PizzaHutTestNGTest@7e6ef134] output={null}]]]>
              </value>
            </param>
          </params>
          <reporter-output>
          </reporter-output>
        </test-method> <!-- onFinish -->
        <test-method is-config="true" signature="onStart(org.testng.ITestResult)[pri:0, instance:tests.PizzaHutTestNGTest@7e6ef134]" started-at="2024-08-30T13:51:46 BST" name="onStart" finished-at="2024-08-30T13:51:46 BST" duration-ms="0" status="PASS">
          <params>
            <param index="0">
              <value>
                <![CDATA[[TestResult name={null} status=CREATED method=PizzaHutTestNGTest.validateDealsUrl()[pri:2, instance:tests.PizzaHutTestNGTest@7e6ef134] output={null}]]]>
              </value>
            </param>
          </params>
          <reporter-output>
          </reporter-output>
        </test-method> <!-- onStart -->
        <test-method signature="validateDealsUrl()[pri:2, instance:tests.PizzaHutTestNGTest@7e6ef134]" started-at="2024-08-30T13:51:46 BST" name="validateDealsUrl" finished-at="2024-08-30T13:51:46 BST" duration-ms="26" status="PASS">
          <reporter-output>
          </reporter-output>
        </test-method> <!-- validateDealsUrl -->
        <test-method is-config="true" signature="onFinish(org.testng.ITestResult)[pri:0, instance:tests.PizzaHutTestNGTest@7e6ef134]" started-at="2024-08-30T13:51:46 BST" name="onFinish" finished-at="2024-08-30T13:51:46 BST" duration-ms="20" status="PASS">
          <params>
            <param index="0">
              <value>
                <![CDATA[[TestResult name=validateDealsUrl status=SUCCESS method=PizzaHutTestNGTest.validateDealsUrl()[pri:2, instance:tests.PizzaHutTestNGTest@7e6ef134] output={null}]]]>
              </value>
            </param>
          </params>
          <reporter-output>
          </reporter-output>
        </test-method> <!-- onFinish -->
        <test-method signature="addItemUnder200ToCart()[pri:3, instance:tests.PizzaHutTestNGTest@7e6ef134]" started-at="2024-08-30T13:51:46 BST" name="addItemUnder200ToCart" finished-at="2024-08-30T13:51:47 BST" duration-ms="950" status="PASS">
          <reporter-output>
          </reporter-output>
        </test-method> <!-- addItemUnder200ToCart -->
        <test-method is-config="true" signature="onStart(org.testng.ITestResult)[pri:0, instance:tests.PizzaHutTestNGTest@7e6ef134]" started-at="2024-08-30T13:51:46 BST" name="onStart" finished-at="2024-08-30T13:51:46 BST" duration-ms="0" status="PASS">
          <params>
            <param index="0">
              <value>
                <![CDATA[[TestResult name={null} status=CREATED method=PizzaHutTestNGTest.addItemUnder200ToCart()[pri:3, instance:tests.PizzaHutTestNGTest@7e6ef134] output={null}]]]>
              </value>
            </param>
          </params>
          <reporter-output>
          </reporter-output>
        </test-method> <!-- onStart -->
        <test-method is-config="true" signature="onFinish(org.testng.ITestResult)[pri:0, instance:tests.PizzaHutTestNGTest@7e6ef134]" started-at="2024-08-30T13:51:47 BST" name="onFinish" finished-at="2024-08-30T13:51:47 BST" duration-ms="36" status="PASS">
          <params>
            <param index="0">
              <value>
                <![CDATA[[TestResult name=addItemUnder200ToCart status=SUCCESS method=PizzaHutTestNGTest.addItemUnder200ToCart()[pri:3, instance:tests.PizzaHutTestNGTest@7e6ef134] output={null}]]]>
              </value>
            </param>
          </params>
          <reporter-output>
          </reporter-output>
        </test-method> <!-- onFinish -->
        <test-method is-config="true" signature="onStart(org.testng.ITestResult)[pri:0, instance:tests.PizzaHutTestNGTest@7e6ef134]" started-at="2024-08-30T13:51:47 BST" name="onStart" finished-at="2024-08-30T13:51:47 BST" duration-ms="0" status="PASS">
          <params>
            <param index="0">
              <value>
                <![CDATA[[TestResult name={null} status=CREATED method=PizzaHutTestNGTest.productAddedUnderBasket(java.lang.String)[pri:4, instance:tests.PizzaHutTestNGTest@7e6ef134] output={null}]]]>
              </value>
            </param>
          </params>
          <reporter-output>
          </reporter-output>
        </test-method> <!-- onStart -->
        <test-method signature="productAddedUnderBasket(java.lang.String)[pri:4, instance:tests.PizzaHutTestNGTest@7e6ef134]" started-at="2024-08-30T13:51:47 BST" name="productAddedUnderBasket" finished-at="2024-08-30T13:51:47 BST" duration-ms="60" status="PASS">
          <params>
            <param index="0">
              <value>
                <![CDATA[Masala Keema Garlic Bread]]>
              </value>
            </param>
          </params>
          <reporter-output>
          </reporter-output>
        </test-method> <!-- productAddedUnderBasket -->
        <test-method is-config="true" signature="onFinish(org.testng.ITestResult)[pri:0, instance:tests.PizzaHutTestNGTest@7e6ef134]" started-at="2024-08-30T13:51:47 BST" name="onFinish" finished-at="2024-08-30T13:51:47 BST" duration-ms="19" status="PASS">
          <params>
            <param index="0">
              <value>
                <![CDATA[[TestResult name=productAddedUnderBasket status=SUCCESS method=PizzaHutTestNGTest.productAddedUnderBasket(java.lang.String)[pri:4, instance:tests.PizzaHutTestNGTest@7e6ef134] output={null}]]]>
              </value>
            </param>
          </params>
          <reporter-output>
          </reporter-output>
        </test-method> <!-- onFinish -->
        <test-method is-config="true" signature="onStart(org.testng.ITestResult)[pri:0, instance:tests.PizzaHutTestNGTest@7e6ef134]" started-at="2024-08-30T13:51:47 BST" name="onStart" finished-at="2024-08-30T13:51:47 BST" duration-ms="1" status="PASS">
          <params>
            <param index="0">
              <value>
                <![CDATA[[TestResult name={null} status=CREATED method=PizzaHutTestNGTest.checkoutButtonPriceNotShown()[pri:5, instance:tests.PizzaHutTestNGTest@7e6ef134] output={null}]]]>
              </value>
            </param>
          </params>
          <reporter-output>
          </reporter-output>
        </test-method> <!-- onStart -->
        <test-method signature="checkoutButtonPriceNotShown()[pri:5, instance:tests.PizzaHutTestNGTest@7e6ef134]" started-at="2024-08-30T13:51:47 BST" name="checkoutButtonPriceNotShown" finished-at="2024-08-30T13:51:47 BST" duration-ms="41" status="PASS">
          <reporter-output>
          </reporter-output>
        </test-method> <!-- checkoutButtonPriceNotShown -->
        <test-method is-config="true" signature="onFinish(org.testng.ITestResult)[pri:0, instance:tests.PizzaHutTestNGTest@7e6ef134]" started-at="2024-08-30T13:51:47 BST" name="onFinish" finished-at="2024-08-30T13:51:47 BST" duration-ms="20" status="PASS">
          <params>
            <param index="0">
              <value>
                <![CDATA[[TestResult name=checkoutButtonPriceNotShown status=SUCCESS method=PizzaHutTestNGTest.checkoutButtonPriceNotShown()[pri:5, instance:tests.PizzaHutTestNGTest@7e6ef134] output={null}]]]>
              </value>
            </param>
          </params>
          <reporter-output>
          </reporter-output>
        </test-method> <!-- onFinish -->
        <test-method signature="navigateToDrinks()[pri:6, instance:tests.PizzaHutTestNGTest@7e6ef134]" started-at="2024-08-30T13:51:47 BST" name="navigateToDrinks" finished-at="2024-08-30T13:51:47 BST" duration-ms="233" status="PASS">
          <reporter-output>
          </reporter-output>
        </test-method> <!-- navigateToDrinks -->
        <test-method is-config="true" signature="onStart(org.testng.ITestResult)[pri:0, instance:tests.PizzaHutTestNGTest@7e6ef134]" started-at="2024-08-30T13:51:47 BST" name="onStart" finished-at="2024-08-30T13:51:47 BST" duration-ms="0" status="PASS">
          <params>
            <param index="0">
              <value>
                <![CDATA[[TestResult name={null} status=CREATED method=PizzaHutTestNGTest.navigateToDrinks()[pri:6, instance:tests.PizzaHutTestNGTest@7e6ef134] output={null}]]]>
              </value>
            </param>
          </params>
          <reporter-output>
          </reporter-output>
        </test-method> <!-- onStart -->
        <test-method is-config="true" signature="onFinish(org.testng.ITestResult)[pri:0, instance:tests.PizzaHutTestNGTest@7e6ef134]" started-at="2024-08-30T13:51:47 BST" name="onFinish" finished-at="2024-08-30T13:51:47 BST" duration-ms="30" status="PASS">
          <params>
            <param index="0">
              <value>
                <![CDATA[[TestResult name=navigateToDrinks status=SUCCESS method=PizzaHutTestNGTest.navigateToDrinks()[pri:6, instance:tests.PizzaHutTestNGTest@7e6ef134] output={null}]]]>
              </value>
            </param>
          </params>
          <reporter-output>
          </reporter-output>
        </test-method> <!-- onFinish -->
        <test-method signature="addTwoDrinks()[pri:7, instance:tests.PizzaHutTestNGTest@7e6ef134]" started-at="2024-08-30T13:51:47 BST" name="addTwoDrinks" finished-at="2024-08-30T13:51:48 BST" duration-ms="786" status="PASS">
          <reporter-output>
          </reporter-output>
        </test-method> <!-- addTwoDrinks -->
        <test-method is-config="true" signature="onStart(org.testng.ITestResult)[pri:0, instance:tests.PizzaHutTestNGTest@7e6ef134]" started-at="2024-08-30T13:51:47 BST" name="onStart" finished-at="2024-08-30T13:51:47 BST" duration-ms="0" status="PASS">
          <params>
            <param index="0">
              <value>
                <![CDATA[[TestResult name={null} status=CREATED method=PizzaHutTestNGTest.addTwoDrinks()[pri:7, instance:tests.PizzaHutTestNGTest@7e6ef134] output={null}]]]>
              </value>
            </param>
          </params>
          <reporter-output>
          </reporter-output>
        </test-method> <!-- onStart -->
        <test-method is-config="true" signature="onFinish(org.testng.ITestResult)[pri:0, instance:tests.PizzaHutTestNGTest@7e6ef134]" started-at="2024-08-30T13:51:48 BST" name="onFinish" finished-at="2024-08-30T13:51:48 BST" duration-ms="24" status="PASS">
          <params>
            <param index="0">
              <value>
                <![CDATA[[TestResult name=addTwoDrinks status=SUCCESS method=PizzaHutTestNGTest.addTwoDrinks()[pri:7, instance:tests.PizzaHutTestNGTest@7e6ef134] output={null}]]]>
              </value>
            </param>
          </params>
          <reporter-output>
          </reporter-output>
        </test-method> <!-- onFinish -->
        <test-method signature="clickAndNavigateToCheckout()[pri:8, instance:tests.PizzaHutTestNGTest@7e6ef134]" started-at="2024-08-30T13:51:48 BST" name="clickAndNavigateToCheckout" finished-at="2024-08-30T13:51:51 BST" duration-ms="3252" status="PASS">
          <reporter-output>
          </reporter-output>
        </test-method> <!-- clickAndNavigateToCheckout -->
        <test-method is-config="true" signature="onStart(org.testng.ITestResult)[pri:0, instance:tests.PizzaHutTestNGTest@7e6ef134]" started-at="2024-08-30T13:51:48 BST" name="onStart" finished-at="2024-08-30T13:51:48 BST" duration-ms="0" status="PASS">
          <params>
            <param index="0">
              <value>
                <![CDATA[[TestResult name={null} status=CREATED method=PizzaHutTestNGTest.clickAndNavigateToCheckout()[pri:8, instance:tests.PizzaHutTestNGTest@7e6ef134] output={null}]]]>
              </value>
            </param>
          </params>
          <reporter-output>
          </reporter-output>
        </test-method> <!-- onStart -->
        <test-method is-config="true" signature="onFinish(org.testng.ITestResult)[pri:0, instance:tests.PizzaHutTestNGTest@7e6ef134]" started-at="2024-08-30T13:51:51 BST" name="onFinish" finished-at="2024-08-30T13:51:51 BST" duration-ms="95" status="PASS">
          <params>
            <param index="0">
              <value>
                <![CDATA[[TestResult name=clickAndNavigateToCheckout status=SUCCESS method=PizzaHutTestNGTest.clickAndNavigateToCheckout()[pri:8, instance:tests.PizzaHutTestNGTest@7e6ef134] output={null}]]]>
              </value>
            </param>
          </params>
          <reporter-output>
          </reporter-output>
        </test-method> <!-- onFinish -->
        <test-method signature="onlinePaymentRadioButtonSelected()[pri:9, instance:tests.PizzaHutTestNGTest@7e6ef134]" started-at="2024-08-30T13:51:51 BST" name="onlinePaymentRadioButtonSelected" finished-at="2024-08-30T13:51:51 BST" duration-ms="2" status="PASS">
          <reporter-output>
          </reporter-output>
        </test-method> <!-- onlinePaymentRadioButtonSelected -->
        <test-method is-config="true" signature="onStart(org.testng.ITestResult)[pri:0, instance:tests.PizzaHutTestNGTest@7e6ef134]" started-at="2024-08-30T13:51:51 BST" name="onStart" finished-at="2024-08-30T13:51:51 BST" duration-ms="0" status="PASS">
          <params>
            <param index="0">
              <value>
                <![CDATA[[TestResult name={null} status=CREATED method=PizzaHutTestNGTest.onlinePaymentRadioButtonSelected()[pri:9, instance:tests.PizzaHutTestNGTest@7e6ef134] output={null}]]]>
              </value>
            </param>
          </params>
          <reporter-output>
          </reporter-output>
        </test-method> <!-- onStart -->
        <test-method is-config="true" signature="onFinish(org.testng.ITestResult)[pri:0, instance:tests.PizzaHutTestNGTest@7e6ef134]" started-at="2024-08-30T13:51:51 BST" name="onFinish" finished-at="2024-08-30T13:51:51 BST" duration-ms="27" status="PASS">
          <params>
            <param index="0">
              <value>
                <![CDATA[[TestResult name=onlinePaymentRadioButtonSelected status=SUCCESS method=PizzaHutTestNGTest.onlinePaymentRadioButtonSelected()[pri:9, instance:tests.PizzaHutTestNGTest@7e6ef134] output={null}]]]>
              </value>
            </param>
          </params>
          <reporter-output>
          </reporter-output>
        </test-method> <!-- onFinish -->
        <test-method is-config="true" signature="onStart(org.testng.ITestResult)[pri:0, instance:tests.PizzaHutTestNGTest@7e6ef134]" started-at="2024-08-30T13:51:51 BST" name="onStart" finished-at="2024-08-30T13:51:51 BST" duration-ms="0" status="PASS">
          <params>
            <param index="0">
              <value>
                <![CDATA[[TestResult name={null} status=CREATED method=PizzaHutTestNGTest.enterDetails(java.lang.String,java.lang.String,java.lang.String)[pri:10, instance:tests.PizzaHutTestNGTest@7e6ef134] output={null}]]]>
              </value>
            </param>
          </params>
          <reporter-output>
          </reporter-output>
        </test-method> <!-- onStart -->
        <test-method signature="enterDetails(java.lang.String,java.lang.String,java.lang.String)[pri:10, instance:tests.PizzaHutTestNGTest@7e6ef134]" started-at="2024-08-30T13:51:51 BST" name="enterDetails" finished-at="2024-08-30T13:51:52 BST" duration-ms="841" status="PASS">
          <params>
            <param index="0">
              <value>
                <![CDATA[John Doe]]>
              </value>
            </param>
            <param index="1">
              <value>
                <![CDATA[9985000000]]>
              </value>
            </param>
            <param index="2">
              <value>
                <![CDATA[johndoe@gmail.com]]>
              </value>
            </param>
          </params>
          <reporter-output>
          </reporter-output>
        </test-method> <!-- enterDetails -->
        <test-method is-config="true" signature="onFinish(org.testng.ITestResult)[pri:0, instance:tests.PizzaHutTestNGTest@7e6ef134]" started-at="2024-08-30T13:51:52 BST" name="onFinish" finished-at="2024-08-30T13:51:52 BST" duration-ms="24" status="PASS">
          <params>
            <param index="0">
              <value>
                <![CDATA[[TestResult name=enterDetails status=SUCCESS method=PizzaHutTestNGTest.enterDetails(java.lang.String,java.lang.String,java.lang.String)[pri:10, instance:tests.PizzaHutTestNGTest@7e6ef134] output={null}]]]>
              </value>
            </param>
          </params>
          <reporter-output>
          </reporter-output>
        </test-method> <!-- onFinish -->
        <test-method is-config="true" signature="onStart(org.testng.ITestResult)[pri:0, instance:tests.PizzaHutTestNGTest@7e6ef134]" started-at="2024-08-30T13:51:52 BST" name="onStart" finished-at="2024-08-30T13:51:52 BST" duration-ms="0" status="PASS">
          <params>
            <param index="0">
              <value>
                <![CDATA[[TestResult name={null} status=CREATED method=PizzaHutTestNGTest.clickGiftCard()[pri:11, instance:tests.PizzaHutTestNGTest@7e6ef134] output={null}]]]>
              </value>
            </param>
          </params>
          <reporter-output>
          </reporter-output>
        </test-method> <!-- onStart -->
        <test-method signature="clickGiftCard()[pri:11, instance:tests.PizzaHutTestNGTest@7e6ef134]" started-at="2024-08-30T13:51:52 BST" name="clickGiftCard" finished-at="2024-08-30T13:51:53 BST" duration-ms="1065" status="PASS">
          <reporter-output>
          </reporter-output>
        </test-method> <!-- clickGiftCard -->
        <test-method is-config="true" signature="onFinish(org.testng.ITestResult)[pri:0, instance:tests.PizzaHutTestNGTest@7e6ef134]" started-at="2024-08-30T13:51:53 BST" name="onFinish" finished-at="2024-08-30T13:51:53 BST" duration-ms="40" status="PASS">
          <params>
            <param index="0">
              <value>
                <![CDATA[[TestResult name=clickGiftCard status=SUCCESS method=PizzaHutTestNGTest.clickGiftCard()[pri:11, instance:tests.PizzaHutTestNGTest@7e6ef134] output={null}]]]>
              </value>
            </param>
          </params>
          <reporter-output>
          </reporter-output>
        </test-method> <!-- onFinish -->
        <test-method is-config="true" signature="onStart(org.testng.ITestResult)[pri:0, instance:tests.PizzaHutTestNGTest@7e6ef134]" started-at="2024-08-30T13:51:53 BST" name="onStart" finished-at="2024-08-30T13:51:53 BST" duration-ms="1" status="PASS">
          <params>
            <param index="0">
              <value>
                <![CDATA[[TestResult name={null} status=CREATED method=PizzaHutTestNGTest.clickVoucher()[pri:12, instance:tests.PizzaHutTestNGTest@7e6ef134] output={null}]]]>
              </value>
            </param>
          </params>
          <reporter-output>
          </reporter-output>
        </test-method> <!-- onStart -->
        <test-method signature="clickVoucher()[pri:12, instance:tests.PizzaHutTestNGTest@7e6ef134]" started-at="2024-08-30T13:51:53 BST" name="clickVoucher" finished-at="2024-08-30T13:51:54 BST" duration-ms="418" status="PASS">
          <reporter-output>
          </reporter-output>
        </test-method> <!-- clickVoucher -->
        <test-method is-config="true" signature="onFinish(org.testng.ITestResult)[pri:0, instance:tests.PizzaHutTestNGTest@7e6ef134]" started-at="2024-08-30T13:51:54 BST" name="onFinish" finished-at="2024-08-30T13:51:54 BST" duration-ms="32" status="PASS">
          <params>
            <param index="0">
              <value>
                <![CDATA[[TestResult name=clickVoucher status=SUCCESS method=PizzaHutTestNGTest.clickVoucher()[pri:12, instance:tests.PizzaHutTestNGTest@7e6ef134] output={null}]]]>
              </value>
            </param>
          </params>
          <reporter-output>
          </reporter-output>
        </test-method> <!-- onFinish -->
        <test-method is-config="true" signature="onStart(org.testng.ITestResult)[pri:0, instance:tests.PizzaHutTestNGTest@7e6ef134]" started-at="2024-08-30T13:51:54 BST" name="onStart" finished-at="2024-08-30T13:51:54 BST" duration-ms="1" status="PASS">
          <params>
            <param index="0">
              <value>
                <![CDATA[[TestResult name={null} status=CREATED method=PizzaHutTestNGTest.typeVoucherCode(java.lang.String)[pri:13, instance:tests.PizzaHutTestNGTest@7e6ef134] output={null}]]]>
              </value>
            </param>
          </params>
          <reporter-output>
          </reporter-output>
        </test-method> <!-- onStart -->
        <test-method signature="typeVoucherCode(java.lang.String)[pri:13, instance:tests.PizzaHutTestNGTest@7e6ef134]" started-at="2024-08-30T13:51:54 BST" name="typeVoucherCode" finished-at="2024-08-30T13:51:54 BST" duration-ms="338" status="PASS">
          <params>
            <param index="0">
              <value>
                <![CDATA[12345]]>
              </value>
            </param>
          </params>
          <reporter-output>
          </reporter-output>
        </test-method> <!-- typeVoucherCode -->
        <test-method is-config="true" signature="onFinish(org.testng.ITestResult)[pri:0, instance:tests.PizzaHutTestNGTest@7e6ef134]" started-at="2024-08-30T13:51:54 BST" name="onFinish" finished-at="2024-08-30T13:51:54 BST" duration-ms="23" status="PASS">
          <params>
            <param index="0">
              <value>
                <![CDATA[[TestResult name=typeVoucherCode status=SUCCESS method=PizzaHutTestNGTest.typeVoucherCode(java.lang.String)[pri:13, instance:tests.PizzaHutTestNGTest@7e6ef134] output={null}]]]>
              </value>
            </param>
          </params>
          <reporter-output>
          </reporter-output>
        </test-method> <!-- onFinish -->
        <test-method is-config="true" signature="onStart(org.testng.ITestResult)[pri:0, instance:tests.PizzaHutTestNGTest@7e6ef134]" started-at="2024-08-30T13:51:54 BST" name="onStart" finished-at="2024-08-30T13:51:54 BST" duration-ms="1" status="PASS">
          <params>
            <param index="0">
              <value>
                <![CDATA[[TestResult name={null} status=CREATED method=PizzaHutTestNGTest.validateVoucherError(java.lang.String)[pri:14, instance:tests.PizzaHutTestNGTest@7e6ef134] output={null}]]]>
              </value>
            </param>
          </params>
          <reporter-output>
          </reporter-output>
        </test-method> <!-- onStart -->
        <test-method signature="validateVoucherError(java.lang.String)[pri:14, instance:tests.PizzaHutTestNGTest@7e6ef134]" started-at="2024-08-30T13:51:54 BST" name="validateVoucherError" finished-at="2024-08-30T13:51:55 BST" duration-ms="735" status="PASS">
          <params>
            <param index="0">
              <value>
                <![CDATA[Sorry]]>
              </value>
            </param>
          </params>
          <reporter-output>
          </reporter-output>
        </test-method> <!-- validateVoucherError -->
        <test-method is-config="true" signature="onFinish(org.testng.ITestResult)[pri:0, instance:tests.PizzaHutTestNGTest@7e6ef134]" started-at="2024-08-30T13:51:55 BST" name="onFinish" finished-at="2024-08-30T13:51:55 BST" duration-ms="35" status="PASS">
          <params>
            <param index="0">
              <value>
                <![CDATA[[TestResult name=validateVoucherError status=SUCCESS method=PizzaHutTestNGTest.validateVoucherError(java.lang.String)[pri:14, instance:tests.PizzaHutTestNGTest@7e6ef134] output={null}]]]>
              </value>
            </param>
          </params>
          <reporter-output>
          </reporter-output>
        </test-method> <!-- onFinish -->
        <test-method signature="closeVoucherPopup()[pri:15, instance:tests.PizzaHutTestNGTest@7e6ef134]" started-at="2024-08-30T13:51:55 BST" name="closeVoucherPopup" finished-at="2024-08-30T13:51:55 BST" duration-ms="390" status="PASS">
          <reporter-output>
          </reporter-output>
        </test-method> <!-- closeVoucherPopup -->
        <test-method is-config="true" signature="onStart(org.testng.ITestResult)[pri:0, instance:tests.PizzaHutTestNGTest@7e6ef134]" started-at="2024-08-30T13:51:55 BST" name="onStart" finished-at="2024-08-30T13:51:55 BST" duration-ms="0" status="PASS">
          <params>
            <param index="0">
              <value>
                <![CDATA[[TestResult name={null} status=CREATED method=PizzaHutTestNGTest.closeVoucherPopup()[pri:15, instance:tests.PizzaHutTestNGTest@7e6ef134] output={null}]]]>
              </value>
            </param>
          </params>
          <reporter-output>
          </reporter-output>
        </test-method> <!-- onStart -->
        <test-method is-config="true" signature="onFinish(org.testng.ITestResult)[pri:0, instance:tests.PizzaHutTestNGTest@7e6ef134]" started-at="2024-08-30T13:51:55 BST" name="onFinish" finished-at="2024-08-30T13:51:55 BST" duration-ms="24" status="PASS">
          <params>
            <param index="0">
              <value>
                <![CDATA[[TestResult name=closeVoucherPopup status=SUCCESS method=PizzaHutTestNGTest.closeVoucherPopup()[pri:15, instance:tests.PizzaHutTestNGTest@7e6ef134] output={null}]]]>
              </value>
            </param>
          </params>
          <reporter-output>
          </reporter-output>
        </test-method> <!-- onFinish -->
        <test-method is-config="true" signature="onStart(org.testng.ITestResult)[pri:0, instance:tests.PizzaHutTestNGTest@7e6ef134]" started-at="2024-08-30T13:51:55 BST" name="onStart" finished-at="2024-08-30T13:51:55 BST" duration-ms="0" status="PASS">
          <params>
            <param index="0">
              <value>
                <![CDATA[[TestResult name={null} status=CREATED method=PizzaHutTestNGTest.navigateToBasketPage(java.lang.String)[pri:16, instance:tests.PizzaHutTestNGTest@7e6ef134] output={null}]]]>
              </value>
            </param>
          </params>
          <reporter-output>
          </reporter-output>
        </test-method> <!-- onStart -->
        <test-method signature="navigateToBasketPage(java.lang.String)[pri:16, instance:tests.PizzaHutTestNGTest@7e6ef134]" started-at="2024-08-30T13:51:55 BST" name="navigateToBasketPage" finished-at="2024-08-30T13:51:55 BST" duration-ms="100" status="PASS">
          <params>
            <param index="0">
              <value>
                <![CDATA[Your Basket]]>
              </value>
            </param>
          </params>
          <reporter-output>
          </reporter-output>
        </test-method> <!-- navigateToBasketPage -->
        <test-method is-config="true" signature="onFinish(org.testng.ITestResult)[pri:0, instance:tests.PizzaHutTestNGTest@7e6ef134]" started-at="2024-08-30T13:51:55 BST" name="onFinish" finished-at="2024-08-30T13:51:56 BST" duration-ms="46" status="PASS">
          <params>
            <param index="0">
              <value>
                <![CDATA[[TestResult name=navigateToBasketPage status=SUCCESS method=PizzaHutTestNGTest.navigateToBasketPage(java.lang.String)[pri:16, instance:tests.PizzaHutTestNGTest@7e6ef134] output={null}]]]>
              </value>
            </param>
          </params>
          <reporter-output>
          </reporter-output>
        </test-method> <!-- onFinish -->
        <test-method is-config="true" signature="tearDown()[pri:0, instance:tests.PizzaHutTestNGTest@7e6ef134]" started-at="2024-08-30T13:51:56 BST" name="tearDown" finished-at="2024-08-30T13:52:01 BST" duration-ms="5391" status="PASS">
          <reporter-output>
          </reporter-output>
        </test-method> <!-- tearDown -->
      </class> <!-- tests.PizzaHutTestNGTest -->
    </test> <!-- pizzahut01 -->
  </suite> <!-- PizzaHutTestSuite -->
</testng-results>
